
**** Build of configuration Debug for project audio_shorten ****

"C:\\ti\\ccsv6\\utils\\bin\\gmake" -k all 
gmake: Nothing to be done for 'all'.

**** Build Finished ****

**** Build of configuration Debug for project audio_shorten ****

"C:\\ti\\ccsv6\\utils\\bin\\gmake" -k all 
gmake: Nothing to be done for 'all'.

**** Build Finished ****

**** Build of configuration Debug for project audio_shorten ****

"C:\\ti\\ccsv6\\utils\\bin\\gmake" -k all 
gmake: Nothing to be done for 'all'.

**** Build Finished ****

**** Build of configuration Debug for project audio_shorten ****

"C:\\ti\\ccsv6\\utils\\bin\\gmake" -k all 
gmake: Nothing to be done for 'all'.

**** Build Finished ****

**** Build of configuration Debug for project audio_shorten ****

"C:\\ti\\ccsv6\\utils\\bin\\gmake" -k all 
'Building file: ../rice_codec.c'
'Invoking: C5500 Compiler'
"C:/ti/ccsv6/tools/compiler/c5500_4.4.1/bin/cl55" -v5515 --memory_model=large -O3 -g --include_path="C:/ti/ccsv6/tools/compiler/c5500_4.4.1/include" --define=c5505 --display_error_number --diag_warning=225 --ptrdiff_size=32 --preproc_with_compile --preproc_dependency="rice_codec.d"  "../rice_codec.c"
'Finished building: ../rice_codec.c'
' '
'Building target: audio_shorten.out'
'Invoking: C5500 Linker'
"C:/ti/ccsv6/tools/compiler/c5500_4.4.1/bin/cl55" -v5515 --memory_model=large -O3 -g --define=c5505 --display_error_number --diag_warning=225 --ptrdiff_size=32 -z -m"audio_shorten.map" --stack_size=0x200 --heap_size=0x400 -i"C:/ti/ccsv6/tools/compiler/c5500_4.4.1/lib" -i"C:/ti/ccsv6/tools/compiler/c5500_4.4.1/include" --reread_libs --display_error_number --warn_sections --xml_link_info="audio_shorten_linkInfo.xml" --rom_model --sys_stacksize=0x200 -o "audio_shorten.out" "./main.obj" "./prediction.obj" "./rice_codec.obj" "../C5505.cmd"  -llibc.a 
<Linking>
'Finished building target: audio_shorten.out'
' '

**** Build Finished ****
