
**** Clean-only build of configuration Debug for project audio_loop ****

"C:\\ti\\ccsv6\\utils\\bin\\gmake" -k clean 
DEL /F  "audio_loop.out"  "audio_loop.hex" 
DEL /F "dma_bypass1.d" "i2s_bypass1.d" "main_bypass1.d" "ref_data_bypass1.d" "rtc_bypass1.d" 
DEL /F "aic_test_i2c.obj" "dma_bypass1.obj" "i2s_bypass1.obj" "i2s_register.obj" "main_bypass1.obj" "ref_data_bypass1.obj" "rtc_bypass1.obj" "vector.obj" 
DEL /F "aic_test_i2c.d" "i2s_register.d" "vector.d" 
Could Not Find C:\Users\S279921\Desktop\DSP-master\gr02\Workspace\audio_loop\audio_loop\Debug\audio_loop.out
Could Not Find C:\Users\S279921\Desktop\DSP-master\gr02\Workspace\audio_loop\audio_loop\Debug\aic_test_i2c.obj
Could Not Find C:\Users\S279921\Desktop\DSP-master\gr02\Workspace\audio_loop\audio_loop\Debug\aic_test_i2c.d
'Finished clean'
' '

**** Build Finished ****

**** Build of configuration Debug for project audio_loop ****

"C:\\ti\\ccsv6\\utils\\bin\\gmake" -k all 
'Building file: ../aic_test_i2c.asm'
'Invoking: C5500 Compiler'
"C:/ti/ccsv6/tools/compiler/c5500_4.4.1/bin/cl55" -v5515 --memory_model=huge -g --include_path="C:/ti/ccsv6/tools/compiler/c5500_4.4.1/include" --define=c5505 --define="_DEBUG" --define="C55X" --display_error_number --diag_warning=225 --ptrdiff_size=32 --algebraic --no_mac_expand --asm_source=algebraic --preproc_with_compile --preproc_dependency="aic_test_i2c.d"  "../aic_test_i2c.asm"
'Finished building: ../aic_test_i2c.asm'
' '
'Building file: ../dma_bypass1.c'
'Invoking: C5500 Compiler'
"C:/ti/ccsv6/tools/compiler/c5500_4.4.1/bin/cl55" -v5515 --memory_model=huge -g --include_path="C:/ti/ccsv6/tools/compiler/c5500_4.4.1/include" --define=c5505 --define="_DEBUG" --define="C55X" --display_error_number --diag_warning=225 --ptrdiff_size=32 --algebraic --no_mac_expand --asm_source=algebraic --preproc_with_compile --preproc_dependency="dma_bypass1.d"  "../dma_bypass1.c"
'Finished building: ../dma_bypass1.c'
' '
'Building file: ../fir.c'
'Invoking: C5500 Compiler'
"C:/ti/ccsv6/tools/compiler/c5500_4.4.1/bin/cl55" -v5515 --memory_model=huge -g --include_path="C:/ti/ccsv6/tools/compiler/c5500_4.4.1/include" --define=c5505 --define="_DEBUG" --define="C55X" --display_error_number --diag_warning=225 --ptrdiff_size=32 --algebraic --no_mac_expand --asm_source=algebraic --preproc_with_compile --preproc_dependency="fir.d"  "../fir.c"
'Finished building: ../fir.c'
' '
'Building file: ../i2s_bypass1.c'
'Invoking: C5500 Compiler'
"C:/ti/ccsv6/tools/compiler/c5500_4.4.1/bin/cl55" -v5515 --memory_model=huge -g --include_path="C:/ti/ccsv6/tools/compiler/c5500_4.4.1/include" --define=c5505 --define="_DEBUG" --define="C55X" --display_error_number --diag_warning=225 --ptrdiff_size=32 --algebraic --no_mac_expand --asm_source=algebraic --preproc_with_compile --preproc_dependency="i2s_bypass1.d"  "../i2s_bypass1.c"
'Finished building: ../i2s_bypass1.c'
' '
'Building file: ../i2s_register.asm'
'Invoking: C5500 Compiler'
"C:/ti/ccsv6/tools/compiler/c5500_4.4.1/bin/cl55" -v5515 --memory_model=huge -g --include_path="C:/ti/ccsv6/tools/compiler/c5500_4.4.1/include" --define=c5505 --define="_DEBUG" --define="C55X" --display_error_number --diag_warning=225 --ptrdiff_size=32 --algebraic --no_mac_expand --asm_source=algebraic --preproc_with_compile --preproc_dependency="i2s_register.d"  "../i2s_register.asm"
'Finished building: ../i2s_register.asm'
' '
'Building file: ../main_bypass1.c'
'Invoking: C5500 Compiler'
"C:/ti/ccsv6/tools/compiler/c5500_4.4.1/bin/cl55" -v5515 --memory_model=huge -g --include_path="C:/ti/ccsv6/tools/compiler/c5500_4.4.1/include" --define=c5505 --define="_DEBUG" --define="C55X" --display_error_number --diag_warning=225 --ptrdiff_size=32 --algebraic --no_mac_expand --asm_source=algebraic --preproc_with_compile --preproc_dependency="main_bypass1.d"  "../main_bypass1.c"

>> Compilation failure
subdir_rules.mk:42: recipe for target 'main_bypass1.obj' failed
"../main_bypass1.c", line 160: error #29: expected an expression
"../main_bypass1.c", line 160: error #29: expected an expression
"../main_bypass1.c", line 160: error #29: expected an expression
"../main_bypass1.c", line 160: error #29: expected an expression
"../main_bypass1.c", line 160: error #29: expected an expression
"../main_bypass1.c", line 160: error #29: expected an expression
6 errors detected in the compilation of "../main_bypass1.c".
gmake: *** [main_bypass1.obj] Error 1
'Building file: ../ref_data_bypass1.c'
'Invoking: C5500 Compiler'
"C:/ti/ccsv6/tools/compiler/c5500_4.4.1/bin/cl55" -v5515 --memory_model=huge -g --include_path="C:/ti/ccsv6/tools/compiler/c5500_4.4.1/include" --define=c5505 --define="_DEBUG" --define="C55X" --display_error_number --diag_warning=225 --ptrdiff_size=32 --algebraic --no_mac_expand --asm_source=algebraic --preproc_with_compile --preproc_dependency="ref_data_bypass1.d"  "../ref_data_bypass1.c"
'Finished building: ../ref_data_bypass1.c'
' '
'Building file: ../rtc_bypass1.c'
'Invoking: C5500 Compiler'
"C:/ti/ccsv6/tools/compiler/c5500_4.4.1/bin/cl55" -v5515 --memory_model=huge -g --include_path="C:/ti/ccsv6/tools/compiler/c5500_4.4.1/include" --define=c5505 --define="_DEBUG" --define="C55X" --display_error_number --diag_warning=225 --ptrdiff_size=32 --algebraic --no_mac_expand --asm_source=algebraic --preproc_with_compile --preproc_dependency="rtc_bypass1.d"  "../rtc_bypass1.c"
'Finished building: ../rtc_bypass1.c'
' '
'Building file: ../vector.asm'
'Invoking: C5500 Compiler'
"C:/ti/ccsv6/tools/compiler/c5500_4.4.1/bin/cl55" -v5515 --memory_model=huge -g --include_path="C:/ti/ccsv6/tools/compiler/c5500_4.4.1/include" --define=c5505 --define="_DEBUG" --define="C55X" --display_error_number --diag_warning=225 --ptrdiff_size=32 --algebraic --no_mac_expand --asm_source=algebraic --preproc_with_compile --preproc_dependency="vector.d"  "../vector.asm"
'Finished building: ../vector.asm'
' '
gmake: Target 'all' not remade because of errors.

**** Build Finished ****

**** Build of configuration Debug for project audio_loop ****

"C:\\ti\\ccsv6\\utils\\bin\\gmake" -k all 
'Building file: ../main_bypass1.c'
'Invoking: C5500 Compiler'
"C:/ti/ccsv6/tools/compiler/c5500_4.4.1/bin/cl55" -v5515 --memory_model=huge -g --include_path="C:/ti/ccsv6/tools/compiler/c5500_4.4.1/include" --define=c5505 --define="_DEBUG" --define="C55X" --display_error_number --diag_warning=225 --ptrdiff_size=32 --algebraic --no_mac_expand --asm_source=algebraic --preproc_with_compile --preproc_dependency="main_bypass1.d"  "../main_bypass1.c"
'Finished building: ../main_bypass1.c'
' '
'Building target: audio_loop.out'
'Invoking: C5500 Linker'
"C:/ti/ccsv6/tools/compiler/c5500_4.4.1/bin/cl55" -v5515 --memory_model=huge -g --define=c5505 --define="_DEBUG" --define="C55X" --display_error_number --diag_warning=225 --ptrdiff_size=32 --algebraic --no_mac_expand --asm_source=algebraic -z -m"audio_loop.map" --stack_size=1000 --heap_size=0x400 -i"C:/ti/ccsv6/tools/compiler/c5500_4.4.1/lib" -i"C:/ti/ccsv6/tools/compiler/c5500_4.4.1/include" --reread_libs --display_error_number --warn_sections --xml_link_info="audio_loop_linkInfo.xml" --entry_point=reset_isr --rom_model --sys_stacksize=1000 -o "audio_loop.out" "./aic_test_i2c.obj" "./dma_bypass1.obj" "./fir.obj" "./i2s_bypass1.obj" "./i2s_register.obj" "./main_bypass1.obj" "./ref_data_bypass1.obj" "./rtc_bypass1.obj" "./vector.obj" "../C5505.cmd"  -llibc.a 
<Linking>
warning #10063-D: entry-point symbol other than "_c_int00" specified:
   "reset_isr"
'Finished building target: audio_loop.out'
' '

**** Build Finished ****

**** Build of configuration Debug for project audio_loop ****

"C:\\ti\\ccsv6\\utils\\bin\\gmake" -k all 
'Building file: ../main_bypass1.c'
'Invoking: C5500 Compiler'
"C:/ti/ccsv6/tools/compiler/c5500_4.4.1/bin/cl55" -v5515 --memory_model=huge -g --include_path="C:/ti/ccsv6/tools/compiler/c5500_4.4.1/include" --define=c5505 --define="_DEBUG" --define="C55X" --display_error_number --diag_warning=225 --ptrdiff_size=32 --algebraic --no_mac_expand --asm_source=algebraic --preproc_with_compile --preproc_dependency="main_bypass1.d"  "../main_bypass1.c"

>> Compilation failure
subdir_rules.mk:42: recipe for target 'main_bypass1.obj' failed
"../main_bypass1.c", line 160: error #20: identifier "samples" is undefined
"../main_bypass1.c", line 160: error #169: argument of type "int *" is incompatible with parameter of type "float *"
"../main_bypass1.c", line 160: error #169: argument of type "int *" is incompatible with parameter of type "float *"
"../main_bypass1.c", line 160: error #141: too many arguments in function call
4 errors detected in the compilation of "../main_bypass1.c".
gmake: *** [main_bypass1.obj] Error 1
gmake: Target 'all' not remade because of errors.

**** Build Finished ****

**** Build of configuration Debug for project audio_loop ****

"C:\\ti\\ccsv6\\utils\\bin\\gmake" -k all 
'Building file: ../main_bypass1.c'
'Invoking: C5500 Compiler'
"C:/ti/ccsv6/tools/compiler/c5500_4.4.1/bin/cl55" -v5515 --memory_model=huge -g --include_path="C:/ti/ccsv6/tools/compiler/c5500_4.4.1/include" --define=c5505 --define="_DEBUG" --define="C55X" --display_error_number --diag_warning=225 --ptrdiff_size=32 --algebraic --no_mac_expand --asm_source=algebraic --preproc_with_compile --preproc_dependency="main_bypass1.d"  "../main_bypass1.c"

>> Compilation failure
subdir_rules.mk:42: recipe for target 'main_bypass1.obj' failed
"../main_bypass1.c", line 160: error #20: identifier "samples" is undefined
"../main_bypass1.c", line 160: error #169: argument of type "float *" is incompatible with parameter of type "int *"
2 errors detected in the compilation of "../main_bypass1.c".
gmake: *** [main_bypass1.obj] Error 1
gmake: Target 'all' not remade because of errors.

**** Build Finished ****

**** Build of configuration Debug for project audio_loop ****

"C:\\ti\\ccsv6\\utils\\bin\\gmake" -k all 
'Building file: ../main_bypass1.c'
'Invoking: C5500 Compiler'
"C:/ti/ccsv6/tools/compiler/c5500_4.4.1/bin/cl55" -v5515 --memory_model=huge -g --include_path="C:/ti/ccsv6/tools/compiler/c5500_4.4.1/include" --define=c5505 --define="_DEBUG" --define="C55X" --display_error_number --diag_warning=225 --ptrdiff_size=32 --algebraic --no_mac_expand --asm_source=algebraic --preproc_with_compile --preproc_dependency="main_bypass1.d"  "../main_bypass1.c"

>> Compilation failure
subdir_rules.mk:42: recipe for target 'main_bypass1.obj' failed
"../main_bypass1.c", line 160: error #20: identifier "samples" is undefined
1 error detected in the compilation of "../main_bypass1.c".
gmake: *** [main_bypass1.obj] Error 1
gmake: Target 'all' not remade because of errors.

**** Build Finished ****

**** Build of configuration Debug for project audio_loop ****

"C:\\ti\\ccsv6\\utils\\bin\\gmake" -k all 
'Building file: ../main_bypass1.c'
'Invoking: C5500 Compiler'
"C:/ti/ccsv6/tools/compiler/c5500_4.4.1/bin/cl55" -v5515 --memory_model=huge -g --include_path="C:/ti/ccsv6/tools/compiler/c5500_4.4.1/include" --define=c5505 --define="_DEBUG" --define="C55X" --display_error_number --diag_warning=225 --ptrdiff_size=32 --algebraic --no_mac_expand --asm_source=algebraic --preproc_with_compile --preproc_dependency="main_bypass1.d"  "../main_bypass1.c"

>> Compilation failure
subdir_rules.mk:42: recipe for target 'main_bypass1.obj' failed
"../main_bypass1.c", line 160: error #20: identifier "samples" is undefined
1 error detected in the compilation of "../main_bypass1.c".
gmake: *** [main_bypass1.obj] Error 1
gmake: Target 'all' not remade because of errors.

**** Build Finished ****

**** Build of configuration Debug for project audio_loop ****

"C:\\ti\\ccsv6\\utils\\bin\\gmake" -k all 
'Building file: ../main_bypass1.c'
'Invoking: C5500 Compiler'
"C:/ti/ccsv6/tools/compiler/c5500_4.4.1/bin/cl55" -v5515 --memory_model=huge -g --include_path="C:/ti/ccsv6/tools/compiler/c5500_4.4.1/include" --define=c5505 --define="_DEBUG" --define="C55X" --display_error_number --diag_warning=225 --ptrdiff_size=32 --algebraic --no_mac_expand --asm_source=algebraic --preproc_with_compile --preproc_dependency="main_bypass1.d"  "../main_bypass1.c"
'Finished building: ../main_bypass1.c'
' '
'Building target: audio_loop.out'
'Invoking: C5500 Linker'
"C:/ti/ccsv6/tools/compiler/c5500_4.4.1/bin/cl55" -v5515 --memory_model=huge -g --define=c5505 --define="_DEBUG" --define="C55X" --display_error_number --diag_warning=225 --ptrdiff_size=32 --algebraic --no_mac_expand --asm_source=algebraic -z -m"audio_loop.map" --stack_size=1000 --heap_size=0x400 -i"C:/ti/ccsv6/tools/compiler/c5500_4.4.1/lib" -i"C:/ti/ccsv6/tools/compiler/c5500_4.4.1/include" --reread_libs --display_error_number --warn_sections --xml_link_info="audio_loop_linkInfo.xml" --entry_point=reset_isr --rom_model --sys_stacksize=1000 -o "audio_loop.out" "./aic_test_i2c.obj" "./dma_bypass1.obj" "./fir.obj" "./i2s_bypass1.obj" "./i2s_register.obj" "./main_bypass1.obj" "./ref_data_bypass1.obj" "./rtc_bypass1.obj" "./vector.obj" "../C5505.cmd"  -llibc.a 
<Linking>
warning #10247-D: creating output section "audiobuf" without a SECTIONS
   specification
warning #10063-D: entry-point symbol other than "_c_int00" specified:
   "reset_isr"
'Finished building target: audio_loop.out'
' '

**** Build Finished ****
